<?xml version="1.0" encoding="UTF-8"?>
<!-- Generated by org.testng.reporters.JUnitReportReporter -->
<testsuite hostname="IN-B7KRXM3" failures="0" tests="1" name="Com.Sample.testcases.LoginTest" time="52.277" errors="0" timestamp="2022-10-06T14:25:31 IST" skipped="0">
  <testcase classname="Com.Sample.testcases.LoginTest" name="correctemailtest" time="52.277"/>
  <system-out/>
</testsuite> <!-- Com.Sample.testcases.LoginTest -->
