<?xml version="1.0" encoding="UTF-8"?>
<!-- Generated by org.testng.reporters.JUnitReportReporter -->
<testsuite hostname="IN-PG02A7W0" failures="0" tests="2" name="Com.Sample.testcases.OrdersTest" time="120.887" errors="0" timestamp="2022-10-05T22:53:33 IST" skipped="0">
  <testcase classname="Com.Sample.testcases.OrdersTest" name="OrderTest" time="39.495"/>
  <system-out/>
  <testcase classname="Com.Sample.testcases.OrdersTest" name="FilterOrderTest" time="81.392"/>
  <system-out/>
</testsuite> <!-- Com.Sample.testcases.OrdersTest -->
