<?xml version="1.0" encoding="UTF-8"?>
<!-- Generated by org.testng.reporters.JUnitReportReporter -->
<testsuite hostname="IN-PG02A7W0" failures="0" tests="3" name="Com.Sample.testcases.FilterTest" time="108.937" errors="0" timestamp="2022-10-05T22:53:33 IST" skipped="0">
  <testcase classname="Com.Sample.testcases.FilterTest" name="Filter" time="20.212"/>
  <system-out/>
  <testcase classname="Com.Sample.testcases.FilterTest" name="FilterFewThings" time="50.211"/>
  <system-out/>
  <testcase classname="Com.Sample.testcases.FilterTest" name="DeleteFilteredThings" time="38.514"/>
  <system-out/>
</testsuite> <!-- Com.Sample.testcases.FilterTest -->
