<?xml version="1.0" encoding="UTF-8"?>
<!-- Generated by org.testng.reporters.JUnitReportReporter -->
<testsuite hostname="IN-PG02A7W0" failures="0" tests="2" name="Com.Sample.testcases.SearchTest" time="100.884" errors="0" timestamp="2022-10-05T22:53:33 IST" skipped="0">
  <testcase classname="Com.Sample.testcases.SearchTest" name="Search" time="38.125"/>
  <system-out/>
  <testcase classname="Com.Sample.testcases.SearchTest" name="AddToCart" time="62.759"/>
  <system-out/>
</testsuite> <!-- Com.Sample.testcases.SearchTest -->
