<?xml version="1.0" encoding="UTF-8"?>
<!-- Generated by org.testng.reporters.JUnitReportReporter -->
<testsuite hostname="IN-B7KRXM3" failures="0" tests="1" name="Com.Sample.testcases.WishlistTest" time="48.795" errors="0" timestamp="2022-10-06T13:15:47 IST" skipped="0">
  <testcase classname="Com.Sample.testcases.WishlistTest" name="Wishlist" time="48.795"/>
  <system-out/>
</testsuite> <!-- Com.Sample.testcases.WishlistTest -->
