<?xml version="1.0" encoding="UTF-8"?>
<!-- Generated by org.testng.reporters.JUnitReportReporter -->
<testsuite hostname="IN-PG02A7W0" failures="0" tests="2" name="Com.Sample.testcases.FavoritesTest" time="77.068" errors="0" timestamp="2022-10-05T22:53:33 IST" skipped="0">
  <testcase classname="Com.Sample.testcases.FavoritesTest" name="AddToWishlist" time="47.817"/>
  <system-out/>
  <testcase classname="Com.Sample.testcases.FavoritesTest" name="DeleteFromWishlist" time="29.251"/>
  <system-out/>
</testsuite> <!-- Com.Sample.testcases.FavoritesTest -->
